PyTorch Version: 1.9.0
CUDA device available: True
Using CUDA device: cuda:0
Output Path: ./output
Epoch: 001/200 | Batch 0000/1017 | Cost: 51.1316
Epoch: 001/200 | Batch 0050/1017 | Cost: 28.8743
Epoch: 001/200 | Batch 0100/1017 | Cost: 48.3172
Epoch: 001/200 | Batch 0150/1017 | Cost: 48.8559
Epoch: 001/200 | Batch 0200/1017 | Cost: 23.9161
Epoch: 001/200 | Batch 0250/1017 | Cost: 20.2769
Epoch: 001/200 | Batch 0300/1017 | Cost: 39.6108
Epoch: 001/200 | Batch 0350/1017 | Cost: 32.8647
Epoch: 001/200 | Batch 0400/1017 | Cost: 28.1765
Epoch: 001/200 | Batch 0450/1017 | Cost: 34.3448
Epoch: 001/200 | Batch 0500/1017 | Cost: 18.9689
Epoch: 001/200 | Batch 0550/1017 | Cost: 38.6501
Epoch: 001/200 | Batch 0600/1017 | Cost: 22.2920
Epoch: 001/200 | Batch 0650/1017 | Cost: 19.5107
Epoch: 001/200 | Batch 0700/1017 | Cost: 15.2647
Epoch: 001/200 | Batch 0750/1017 | Cost: 15.0319
Epoch: 001/200 | Batch 0800/1017 | Cost: 18.0647
Epoch: 001/200 | Batch 0850/1017 | Cost: 28.5539
Epoch: 001/200 | Batch 0900/1017 | Cost: 17.5121
Epoch: 001/200 | Batch 0950/1017 | Cost: 25.6589
Epoch: 001/200 | Batch 1000/1017 | Cost: 21.2365
Epoch: 002/200 | Batch 0000/1017 | Cost: 15.5400
Epoch: 002/200 | Batch 0050/1017 | Cost: 13.9728
Epoch: 002/200 | Batch 0100/1017 | Cost: 14.8611
Epoch: 002/200 | Batch 0150/1017 | Cost: 27.7764
Epoch: 002/200 | Batch 0200/1017 | Cost: 14.3883
Epoch: 002/200 | Batch 0250/1017 | Cost: 17.8845
Epoch: 002/200 | Batch 0300/1017 | Cost: 17.1252
Epoch: 002/200 | Batch 0350/1017 | Cost: 20.7021
Epoch: 002/200 | Batch 0400/1017 | Cost: 22.1201
Epoch: 002/200 | Batch 0450/1017 | Cost: 12.5875
Epoch: 002/200 | Batch 0500/1017 | Cost: 31.2752
Epoch: 002/200 | Batch 0550/1017 | Cost: 15.1028
Epoch: 002/200 | Batch 0600/1017 | Cost: 17.5000
Epoch: 002/200 | Batch 0650/1017 | Cost: 37.7978
Epoch: 002/200 | Batch 0700/1017 | Cost: 19.8790
Epoch: 002/200 | Batch 0750/1017 | Cost: 20.3736
Epoch: 002/200 | Batch 0800/1017 | Cost: 21.6743
Epoch: 002/200 | Batch 0850/1017 | Cost: 17.6331
Epoch: 002/200 | Batch 0900/1017 | Cost: 8.6565
Epoch: 002/200 | Batch 0950/1017 | Cost: 15.3618
Epoch: 002/200 | Batch 1000/1017 | Cost: 24.7636
Epoch: 003/200 | Batch 0000/1017 | Cost: 16.1108
Epoch: 003/200 | Batch 0050/1017 | Cost: 10.7685
Epoch: 003/200 | Batch 0100/1017 | Cost: 13.7357
Epoch: 003/200 | Batch 0150/1017 | Cost: 11.7235
Epoch: 003/200 | Batch 0200/1017 | Cost: 21.1348
Epoch: 003/200 | Batch 0250/1017 | Cost: 12.2948
Epoch: 003/200 | Batch 0300/1017 | Cost: 23.2702
Epoch: 003/200 | Batch 0350/1017 | Cost: 10.7886
Epoch: 003/200 | Batch 0400/1017 | Cost: 12.9958
Epoch: 003/200 | Batch 0450/1017 | Cost: 9.5311
Epoch: 003/200 | Batch 0500/1017 | Cost: 13.9216
Epoch: 003/200 | Batch 0550/1017 | Cost: 15.1695
Epoch: 003/200 | Batch 0600/1017 | Cost: 11.2258
Epoch: 003/200 | Batch 0650/1017 | Cost: 10.9274
Epoch: 003/200 | Batch 0700/1017 | Cost: 16.0756
Epoch: 003/200 | Batch 0750/1017 | Cost: 11.1336
Epoch: 003/200 | Batch 0800/1017 | Cost: 10.5582
Epoch: 003/200 | Batch 0850/1017 | Cost: 9.7956
Epoch: 003/200 | Batch 0900/1017 | Cost: 13.3115
Epoch: 003/200 | Batch 0950/1017 | Cost: 10.0901
Epoch: 003/200 | Batch 1000/1017 | Cost: 21.1610
Epoch: 004/200 | Batch 0000/1017 | Cost: 15.7801
Epoch: 004/200 | Batch 0050/1017 | Cost: 14.5023
Epoch: 004/200 | Batch 0100/1017 | Cost: 9.7248
Epoch: 004/200 | Batch 0150/1017 | Cost: 7.2410
Epoch: 004/200 | Batch 0200/1017 | Cost: 22.4332
Epoch: 004/200 | Batch 0250/1017 | Cost: 8.3093
Epoch: 004/200 | Batch 0300/1017 | Cost: 15.9761
Epoch: 004/200 | Batch 0350/1017 | Cost: 15.4519
Epoch: 004/200 | Batch 0400/1017 | Cost: 10.9865
Epoch: 004/200 | Batch 0450/1017 | Cost: 6.7897
Epoch: 004/200 | Batch 0500/1017 | Cost: 9.8172
Epoch: 004/200 | Batch 0550/1017 | Cost: 7.7998
Epoch: 004/200 | Batch 0600/1017 | Cost: 10.5657
Epoch: 004/200 | Batch 0650/1017 | Cost: 8.6532
Epoch: 004/200 | Batch 0700/1017 | Cost: 8.2925
Epoch: 004/200 | Batch 0750/1017 | Cost: 9.4740
Epoch: 004/200 | Batch 0800/1017 | Cost: 14.7201
Epoch: 004/200 | Batch 0850/1017 | Cost: 12.2185
Epoch: 004/200 | Batch 0900/1017 | Cost: 7.7176
Epoch: 004/200 | Batch 0950/1017 | Cost: 5.9827
Epoch: 004/200 | Batch 1000/1017 | Cost: 11.4440
Epoch: 005/200 | Batch 0000/1017 | Cost: 11.1684
Epoch: 005/200 | Batch 0050/1017 | Cost: 7.1210
Epoch: 005/200 | Batch 0100/1017 | Cost: 9.0404
Epoch: 005/200 | Batch 0150/1017 | Cost: 10.9080
Epoch: 005/200 | Batch 0200/1017 | Cost: 9.4593
Epoch: 005/200 | Batch 0250/1017 | Cost: 7.9368
Epoch: 005/200 | Batch 0300/1017 | Cost: 8.9798
Epoch: 005/200 | Batch 0350/1017 | Cost: 11.5235
Epoch: 005/200 | Batch 0400/1017 | Cost: 10.7763
Epoch: 005/200 | Batch 0450/1017 | Cost: 10.3993
Epoch: 005/200 | Batch 0500/1017 | Cost: 11.2271
Epoch: 005/200 | Batch 0550/1017 | Cost: 11.1638
Epoch: 005/200 | Batch 0600/1017 | Cost: 9.4723
Epoch: 005/200 | Batch 0650/1017 | Cost: 8.3446
Epoch: 005/200 | Batch 0700/1017 | Cost: 8.7577
Epoch: 005/200 | Batch 0750/1017 | Cost: 7.3251
Epoch: 005/200 | Batch 0800/1017 | Cost: 7.8376
Epoch: 005/200 | Batch 0850/1017 | Cost: 7.8425
Epoch: 005/200 | Batch 0900/1017 | Cost: 5.4440
Epoch: 005/200 | Batch 0950/1017 | Cost: 9.2166
Epoch: 005/200 | Batch 1000/1017 | Cost: 7.4489
Epoch: 006/200 | Batch 0000/1017 | Cost: 8.0662
Epoch: 006/200 | Batch 0050/1017 | Cost: 10.8454
Epoch: 006/200 | Batch 0100/1017 | Cost: 6.5028
Epoch: 006/200 | Batch 0150/1017 | Cost: 5.4719
Epoch: 006/200 | Batch 0200/1017 | Cost: 13.0181
Epoch: 006/200 | Batch 0250/1017 | Cost: 6.1819
Epoch: 006/200 | Batch 0300/1017 | Cost: 8.6379
Epoch: 006/200 | Batch 0350/1017 | Cost: 7.0283
Epoch: 006/200 | Batch 0400/1017 | Cost: 6.5099
Epoch: 006/200 | Batch 0450/1017 | Cost: 6.5414
Epoch: 006/200 | Batch 0500/1017 | Cost: 6.0371
Epoch: 006/200 | Batch 0550/1017 | Cost: 11.7028
Epoch: 006/200 | Batch 0600/1017 | Cost: 7.2162
Epoch: 006/200 | Batch 0650/1017 | Cost: 8.4886
Epoch: 006/200 | Batch 0700/1017 | Cost: 8.0246
Epoch: 006/200 | Batch 0750/1017 | Cost: 10.0370
Epoch: 006/200 | Batch 0800/1017 | Cost: 5.4193
Epoch: 006/200 | Batch 0850/1017 | Cost: 4.5726
Epoch: 006/200 | Batch 0900/1017 | Cost: 7.3414
Epoch: 006/200 | Batch 0950/1017 | Cost: 13.2063
Epoch: 006/200 | Batch 1000/1017 | Cost: 7.5555
Epoch: 007/200 | Batch 0000/1017 | Cost: 8.3400
Epoch: 007/200 | Batch 0050/1017 | Cost: 7.3621
Epoch: 007/200 | Batch 0100/1017 | Cost: 10.9821
Epoch: 007/200 | Batch 0150/1017 | Cost: 5.7282
Epoch: 007/200 | Batch 0200/1017 | Cost: 6.3347
Epoch: 007/200 | Batch 0250/1017 | Cost: 7.0716
Epoch: 007/200 | Batch 0300/1017 | Cost: 5.0644
Epoch: 007/200 | Batch 0350/1017 | Cost: 5.8686
Epoch: 007/200 | Batch 0400/1017 | Cost: 9.4943
Epoch: 007/200 | Batch 0450/1017 | Cost: 5.1164
Epoch: 007/200 | Batch 0500/1017 | Cost: 7.3880
Epoch: 007/200 | Batch 0550/1017 | Cost: 5.0097
Epoch: 007/200 | Batch 0600/1017 | Cost: 6.1331
Epoch: 007/200 | Batch 0650/1017 | Cost: 4.0082
Epoch: 007/200 | Batch 0700/1017 | Cost: 9.9104
Epoch: 007/200 | Batch 0750/1017 | Cost: 6.0524
Epoch: 007/200 | Batch 0800/1017 | Cost: 2.8113
Epoch: 007/200 | Batch 0850/1017 | Cost: 8.2099
Epoch: 007/200 | Batch 0900/1017 | Cost: 7.4921
